Determining if the pthread_create exist failed with the following output:
Change Dir: /home/fredm/Dropbox/uml/teaching/91.451/2015/mcl_ws/src/no_weights/build/CMakeFiles/CMakeTmp

Run Build Command:/usr/bin/make "cmTryCompileExec3494154770/fast"
make[1]: Entering directory `/home/fredm/Dropbox/uml/teaching/91.451/2015/mcl_ws/src/no_weights/build/CMakeFiles/CMakeTmp'
/usr/bin/make -f CMakeFiles/cmTryCompileExec3494154770.dir/build.make CMakeFiles/cmTryCompileExec3494154770.dir/build
make[2]: Entering directory `/home/fredm/Dropbox/uml/teaching/91.451/2015/mcl_ws/src/no_weights/build/CMakeFiles/CMakeTmp'
/usr/bin/cmake -E cmake_progress_report /home/fredm/Dropbox/uml/teaching/91.451/2015/mcl_ws/src/no_weights/build/CMakeFiles/CMakeTmp/CMakeFiles 1
Building C object CMakeFiles/cmTryCompileExec3494154770.dir/CheckSymbolExists.c.o
/usr/bin/cc    -o CMakeFiles/cmTryCompileExec3494154770.dir/CheckSymbolExists.c.o   -c /home/fredm/Dropbox/uml/teaching/91.451/2015/mcl_ws/src/no_weights/build/CMakeFiles/CMakeTmp/CheckSymbolExists.c
Linking C executable cmTryCompileExec3494154770
/usr/bin/cmake -E cmake_link_script CMakeFiles/cmTryCompileExec3494154770.dir/link.txt --verbose=1
/usr/bin/cc       CMakeFiles/cmTryCompileExec3494154770.dir/CheckSymbolExists.c.o  -o cmTryCompileExec3494154770 -rdynamic 
CMakeFiles/cmTryCompileExec3494154770.dir/CheckSymbolExists.c.o: In function `main':
CheckSymbolExists.c:(.text+0x16): undefined reference to `pthread_create'
collect2: error: ld returned 1 exit status
make[2]: *** [cmTryCompileExec3494154770] Error 1
make[2]: Leaving directory `/home/fredm/Dropbox/uml/teaching/91.451/2015/mcl_ws/src/no_weights/build/CMakeFiles/CMakeTmp'
make[1]: *** [cmTryCompileExec3494154770/fast] Error 2
make[1]: Leaving directory `/home/fredm/Dropbox/uml/teaching/91.451/2015/mcl_ws/src/no_weights/build/CMakeFiles/CMakeTmp'

File /home/fredm/Dropbox/uml/teaching/91.451/2015/mcl_ws/src/no_weights/build/CMakeFiles/CMakeTmp/CheckSymbolExists.c:
/* */
#include <pthread.h>

int main(int argc, char** argv)
{
  (void)argv;
#ifndef pthread_create
  return ((int*)(&pthread_create))[argc];
#else
  (void)argc;
  return 0;
#endif
}

Determining if the function pthread_create exists in the pthreads failed with the following output:
Change Dir: /home/fredm/Dropbox/uml/teaching/91.451/2015/mcl_ws/src/no_weights/build/CMakeFiles/CMakeTmp

Run Build Command:/usr/bin/make "cmTryCompileExec2922644009/fast"
make[1]: Entering directory `/home/fredm/Dropbox/uml/teaching/91.451/2015/mcl_ws/src/no_weights/build/CMakeFiles/CMakeTmp'
/usr/bin/make -f CMakeFiles/cmTryCompileExec2922644009.dir/build.make CMakeFiles/cmTryCompileExec2922644009.dir/build
make[2]: Entering directory `/home/fredm/Dropbox/uml/teaching/91.451/2015/mcl_ws/src/no_weights/build/CMakeFiles/CMakeTmp'
/usr/bin/cmake -E cmake_progress_report /home/fredm/Dropbox/uml/teaching/91.451/2015/mcl_ws/src/no_weights/build/CMakeFiles/CMakeTmp/CMakeFiles 1
Building C object CMakeFiles/cmTryCompileExec2922644009.dir/CheckFunctionExists.c.o
/usr/bin/cc   -DCHECK_FUNCTION_EXISTS=pthread_create   -o CMakeFiles/cmTryCompileExec2922644009.dir/CheckFunctionExists.c.o   -c /usr/share/cmake-2.8/Modules/CheckFunctionExists.c
Linking C executable cmTryCompileExec2922644009
/usr/bin/cmake -E cmake_link_script CMakeFiles/cmTryCompileExec2922644009.dir/link.txt --verbose=1
/usr/bin/cc   -DCHECK_FUNCTION_EXISTS=pthread_create    CMakeFiles/cmTryCompileExec2922644009.dir/CheckFunctionExists.c.o  -o cmTryCompileExec2922644009 -rdynamic -lpthreads 
/usr/bin/ld: cannot find -lpthreads
collect2: error: ld returned 1 exit status
make[2]: Leaving directory `/home/fredm/Dropbox/uml/teaching/91.451/2015/mcl_ws/src/no_weights/build/CMakeFiles/CMakeTmp'
make[1]: Leaving directory `/home/fredm/Dropbox/uml/teaching/91.451/2015/mcl_ws/src/no_weights/build/CMakeFiles/CMakeTmp'
make[2]: *** [cmTryCompileExec2922644009] Error 1
make[1]: *** [cmTryCompileExec2922644009/fast] Error 2


